This is pdfTeX, Version 3.1415926-2.5-1.40.14 (TeX Live 2013) (format=pdflatex 2013.11.11)  22 JAN 2017 17:04
entering extended mode
 restricted \write18 enabled.
 %&-line parsing enabled.
**aliases.tex
(./aliases.tex
LaTeX2e <2011/06/27>
Babel <3.9f> and hyphenation patterns for 78 languages loaded.
)
! Emergency stop.
<*> aliases.tex
               
*** (job aborted, no legal \end found)

 
Here is how much of TeX's memory you used:
 9 strings out of 493315
 184 string characters out of 6137903
 52158 words of memory out of 5000000
 3561 multiletter control sequences out of 15000+600000
 3640 words of font info for 14 fonts, out of 8000000 for 9000
 957 hyphenation exceptions out of 8191
 7i,0n,6p,77b,8s stack positions out of 5000i,500n,10000p,200000b,80000s
!  ==> Fatal error occurred, no output PDF file produced!
